-------------------------------------------------------------------------------
Test set: com.pluralsight.blog.Module2_Tests
-------------------------------------------------------------------------------
Tests run: 7, Failures: 1, Errors: 0, Skipped: 0, Time elapsed: 9.352 s <<< FAILURE! - in com.pluralsight.blog.Module2_Tests
task_6(com.pluralsight.blog.Module2_Tests)  Time elapsed: 0.032 s  <<< FAILURE!
java.lang.AssertionError: Task 6: The `data.sql` file is not the same as `data-categories.sql`.
	at com.pluralsight.blog.Module2_Tests.task_6(Module2_Tests.java:221)

